<?xml version="1.0" encoding="UTF-8"?>
<!-- Generated by org.testng.reporters.JUnitReportReporter -->
<testsuite hostname="DESKTOP-C1RPNLL" failures="0" tests="4" name="exceldatadriven.DataDrExc" time="0.011" errors="0" timestamp="2026-07-27T20:55:53 IST" skipped="0">
  <testcase classname="exceldatadriven.DataDrExc" name="simpleTest" time="0.002"/>
  <testcase classname="exceldatadriven.DataDrExc" name="simpleTest" time="0.002"/>
  <testcase classname="exceldatadriven.DataDrExc" name="simpleTest" time="0.006"/>
  <testcase classname="exceldatadriven.DataDrExc" name="simpleTest" time="0.001"/>
</testsuite> <!-- exceldatadriven.DataDrExc -->
